[0808/152920:WARNING:http_cache_transaction.cc(921)] Unable to create cache entry
[0808/152921:WARNING:http_cache_transaction.cc(921)] Unable to create cache entry
[0808/155958:INFO:CONSOLE(0)] "一张网页，要经历怎样的过程，才能抵达用户面前？
一位新人，要经历怎样的成长，才能站在技术之巅？
探寻这里的秘密；
体验这里的挑战；
成为这里的主人；
加入百度，加入网页搜索，你，可以影响世界。
," source: https://ss1.bdstatic.com/5eN1bjq8AAUYm2zgoY3K/r/www/cache/static/protocol/https/global/js/all_async_search_cc2f4846.js(101)
[0808/155958:INFO:CONSOLE(0)] "请将简历发送至 %c ps_recruiter@baidu.com（ 邮件标题请以“姓名-应聘XX职位-来自console”命名）," source: https://ss1.bdstatic.com/5eN1bjq8AAUYm2zgoY3K/r/www/cache/static/protocol/https/global/js/all_async_search_cc2f4846.js(101)
[0808/155958:INFO:CONSOLE(0)] "职位介绍：http://dwz.cn/hr2013," source: https://ss1.bdstatic.com/5eN1bjq8AAUYm2zgoY3K/r/www/cache/static/protocol/https/global/js/all_async_search_cc2f4846.js(101)
[0808/160112:INFO:CONSOLE(0)] "一张网页，要经历怎样的过程，才能抵达用户面前？
一位新人，要经历怎样的成长，才能站在技术之巅？
探寻这里的秘密；
体验这里的挑战；
成为这里的主人；
加入百度，加入网页搜索，你，可以影响世界。
," source: https://ss1.bdstatic.com/5eN1bjq8AAUYm2zgoY3K/r/www/cache/static/protocol/https/global/js/all_async_search_cc2f4846.js(101)
[0808/160112:INFO:CONSOLE(0)] "请将简历发送至 %c ps_recruiter@baidu.com（ 邮件标题请以“姓名-应聘XX职位-来自console”命名）," source: https://ss1.bdstatic.com/5eN1bjq8AAUYm2zgoY3K/r/www/cache/static/protocol/https/global/js/all_async_search_cc2f4846.js(101)
[0808/160112:INFO:CONSOLE(0)] "职位介绍：http://dwz.cn/hr2013," source: https://ss1.bdstatic.com/5eN1bjq8AAUYm2zgoY3K/r/www/cache/static/protocol/https/global/js/all_async_search_cc2f4846.js(101)
[0808/160140:WARNING:http_cache_transaction.cc(921)] Unable to create cache entry
[0808/160600:INFO:CONSOLE(0)] "一张网页，要经历怎样的过程，才能抵达用户面前？
一位新人，要经历怎样的成长，才能站在技术之巅？
探寻这里的秘密；
体验这里的挑战；
成为这里的主人；
加入百度，加入网页搜索，你，可以影响世界。
," source: https://ss1.bdstatic.com/5eN1bjq8AAUYm2zgoY3K/r/www/cache/static/protocol/https/global/js/all_async_search_cc2f4846.js(101)
[0808/160600:INFO:CONSOLE(0)] "请将简历发送至 %c ps_recruiter@baidu.com（ 邮件标题请以“姓名-应聘XX职位-来自console”命名）," source: https://ss1.bdstatic.com/5eN1bjq8AAUYm2zgoY3K/r/www/cache/static/protocol/https/global/js/all_async_search_cc2f4846.js(101)
[0808/160600:INFO:CONSOLE(0)] "职位介绍：http://dwz.cn/hr2013," source: https://ss1.bdstatic.com/5eN1bjq8AAUYm2zgoY3K/r/www/cache/static/protocol/https/global/js/all_async_search_cc2f4846.js(101)
[0808/160630:WARNING:http_cache_transaction.cc(921)] Unable to create cache entry
[0808/161212:INFO:CONSOLE(0)] "一张网页，要经历怎样的过程，才能抵达用户面前？
一位新人，要经历怎样的成长，才能站在技术之巅？
探寻这里的秘密；
体验这里的挑战；
成为这里的主人；
加入百度，加入网页搜索，你，可以影响世界。
," source: https://ss1.bdstatic.com/5eN1bjq8AAUYm2zgoY3K/r/www/cache/static/protocol/https/global/js/all_async_search_cc2f4846.js(101)
[0808/161212:INFO:CONSOLE(0)] "请将简历发送至 %c ps_recruiter@baidu.com（ 邮件标题请以“姓名-应聘XX职位-来自console”命名）," source: https://ss1.bdstatic.com/5eN1bjq8AAUYm2zgoY3K/r/www/cache/static/protocol/https/global/js/all_async_search_cc2f4846.js(101)
[0808/161212:INFO:CONSOLE(0)] "职位介绍：http://dwz.cn/hr2013," source: https://ss1.bdstatic.com/5eN1bjq8AAUYm2zgoY3K/r/www/cache/static/protocol/https/global/js/all_async_search_cc2f4846.js(101)
[0808/161256:WARNING:http_cache_transaction.cc(921)] Unable to create cache entry
[0808/170004:INFO:CONSOLE(0)] "一张网页，要经历怎样的过程，才能抵达用户面前？
一位新人，要经历怎样的成长，才能站在技术之巅？
探寻这里的秘密；
体验这里的挑战；
成为这里的主人；
加入百度，加入网页搜索，你，可以影响世界。
," source: https://ss1.bdstatic.com/5eN1bjq8AAUYm2zgoY3K/r/www/cache/static/protocol/https/global/js/all_async_search_cc2f4846.js(101)
[0808/170004:INFO:CONSOLE(0)] "请将简历发送至 %c ps_recruiter@baidu.com（ 邮件标题请以“姓名-应聘XX职位-来自console”命名）," source: https://ss1.bdstatic.com/5eN1bjq8AAUYm2zgoY3K/r/www/cache/static/protocol/https/global/js/all_async_search_cc2f4846.js(101)
[0808/170004:INFO:CONSOLE(0)] "职位介绍：http://dwz.cn/hr2013," source: https://ss1.bdstatic.com/5eN1bjq8AAUYm2zgoY3K/r/www/cache/static/protocol/https/global/js/all_async_search_cc2f4846.js(101)
[0808/170524:INFO:CONSOLE(0)] "一张网页，要经历怎样的过程，才能抵达用户面前？
一位新人，要经历怎样的成长，才能站在技术之巅？
探寻这里的秘密；
体验这里的挑战；
成为这里的主人；
加入百度，加入网页搜索，你，可以影响世界。
," source: https://ss1.bdstatic.com/5eN1bjq8AAUYm2zgoY3K/r/www/cache/static/protocol/https/global/js/all_async_search_cc2f4846.js(101)
[0808/170524:INFO:CONSOLE(0)] "请将简历发送至 %c ps_recruiter@baidu.com（ 邮件标题请以“姓名-应聘XX职位-来自console”命名）," source: https://ss1.bdstatic.com/5eN1bjq8AAUYm2zgoY3K/r/www/cache/static/protocol/https/global/js/all_async_search_cc2f4846.js(101)
[0808/170524:INFO:CONSOLE(0)] "职位介绍：http://dwz.cn/hr2013," source: https://ss1.bdstatic.com/5eN1bjq8AAUYm2zgoY3K/r/www/cache/static/protocol/https/global/js/all_async_search_cc2f4846.js(101)
[0808/170716:INFO:CONSOLE(0)] "一张网页，要经历怎样的过程，才能抵达用户面前？
一位新人，要经历怎样的成长，才能站在技术之巅？
探寻这里的秘密；
体验这里的挑战；
成为这里的主人；
加入百度，加入网页搜索，你，可以影响世界。
," source: https://ss1.bdstatic.com/5eN1bjq8AAUYm2zgoY3K/r/www/cache/static/protocol/https/global/js/all_async_search_cc2f4846.js(101)
[0808/170716:INFO:CONSOLE(0)] "请将简历发送至 %c ps_recruiter@baidu.com（ 邮件标题请以“姓名-应聘XX职位-来自console”命名）," source: https://ss1.bdstatic.com/5eN1bjq8AAUYm2zgoY3K/r/www/cache/static/protocol/https/global/js/all_async_search_cc2f4846.js(101)
[0808/170716:INFO:CONSOLE(0)] "职位介绍：http://dwz.cn/hr2013," source: https://ss1.bdstatic.com/5eN1bjq8AAUYm2zgoY3K/r/www/cache/static/protocol/https/global/js/all_async_search_cc2f4846.js(101)
[0808/170933:INFO:CONSOLE(0)] "一张网页，要经历怎样的过程，才能抵达用户面前？
一位新人，要经历怎样的成长，才能站在技术之巅？
探寻这里的秘密；
体验这里的挑战；
成为这里的主人；
加入百度，加入网页搜索，你，可以影响世界。
," source: https://ss1.bdstatic.com/5eN1bjq8AAUYm2zgoY3K/r/www/cache/static/protocol/https/global/js/all_async_search_cc2f4846.js(101)
[0808/170933:INFO:CONSOLE(0)] "请将简历发送至 %c ps_recruiter@baidu.com（ 邮件标题请以“姓名-应聘XX职位-来自console”命名）," source: https://ss1.bdstatic.com/5eN1bjq8AAUYm2zgoY3K/r/www/cache/static/protocol/https/global/js/all_async_search_cc2f4846.js(101)
[0808/170933:INFO:CONSOLE(0)] "职位介绍：http://dwz.cn/hr2013," source: https://ss1.bdstatic.com/5eN1bjq8AAUYm2zgoY3K/r/www/cache/static/protocol/https/global/js/all_async_search_cc2f4846.js(101)
[0808/171016:WARNING:http_cache_transaction.cc(921)] Unable to create cache entry
[0808/171400:INFO:CONSOLE(0)] "一张网页，要经历怎样的过程，才能抵达用户面前？
一位新人，要经历怎样的成长，才能站在技术之巅？
探寻这里的秘密；
体验这里的挑战；
成为这里的主人；
加入百度，加入网页搜索，你，可以影响世界。
," source: https://ss1.bdstatic.com/5eN1bjq8AAUYm2zgoY3K/r/www/cache/static/protocol/https/global/js/all_async_search_cc2f4846.js(101)
[0808/171400:INFO:CONSOLE(0)] "请将简历发送至 %c ps_recruiter@baidu.com（ 邮件标题请以“姓名-应聘XX职位-来自console”命名）," source: https://ss1.bdstatic.com/5eN1bjq8AAUYm2zgoY3K/r/www/cache/static/protocol/https/global/js/all_async_search_cc2f4846.js(101)
[0808/171400:INFO:CONSOLE(0)] "职位介绍：http://dwz.cn/hr2013," source: https://ss1.bdstatic.com/5eN1bjq8AAUYm2zgoY3K/r/www/cache/static/protocol/https/global/js/all_async_search_cc2f4846.js(101)
[0808/171436:WARNING:http_cache_transaction.cc(921)] Unable to create cache entry
[0808/171608:INFO:CONSOLE(0)] "一张网页，要经历怎样的过程，才能抵达用户面前？
一位新人，要经历怎样的成长，才能站在技术之巅？
探寻这里的秘密；
体验这里的挑战；
成为这里的主人；
加入百度，加入网页搜索，你，可以影响世界。
," source: https://ss1.bdstatic.com/5eN1bjq8AAUYm2zgoY3K/r/www/cache/static/protocol/https/global/js/all_async_search_cc2f4846.js(101)
[0808/171608:INFO:CONSOLE(0)] "请将简历发送至 %c ps_recruiter@baidu.com（ 邮件标题请以“姓名-应聘XX职位-来自console”命名）," source: https://ss1.bdstatic.com/5eN1bjq8AAUYm2zgoY3K/r/www/cache/static/protocol/https/global/js/all_async_search_cc2f4846.js(101)
[0808/171608:INFO:CONSOLE(0)] "职位介绍：http://dwz.cn/hr2013," source: https://ss1.bdstatic.com/5eN1bjq8AAUYm2zgoY3K/r/www/cache/static/protocol/https/global/js/all_async_search_cc2f4846.js(101)
[0808/171646:WARNING:http_cache_transaction.cc(921)] Unable to create cache entry
[0808/171800:INFO:CONSOLE(0)] "一张网页，要经历怎样的过程，才能抵达用户面前？
一位新人，要经历怎样的成长，才能站在技术之巅？
探寻这里的秘密；
体验这里的挑战；
成为这里的主人；
加入百度，加入网页搜索，你，可以影响世界。
," source: https://ss1.bdstatic.com/5eN1bjq8AAUYm2zgoY3K/r/www/cache/static/protocol/https/global/js/all_async_search_cc2f4846.js(101)
[0808/171800:INFO:CONSOLE(0)] "请将简历发送至 %c ps_recruiter@baidu.com（ 邮件标题请以“姓名-应聘XX职位-来自console”命名）," source: https://ss1.bdstatic.com/5eN1bjq8AAUYm2zgoY3K/r/www/cache/static/protocol/https/global/js/all_async_search_cc2f4846.js(101)
[0808/171800:INFO:CONSOLE(0)] "职位介绍：http://dwz.cn/hr2013," source: https://ss1.bdstatic.com/5eN1bjq8AAUYm2zgoY3K/r/www/cache/static/protocol/https/global/js/all_async_search_cc2f4846.js(101)
[0808/172041:INFO:CONSOLE(0)] "一张网页，要经历怎样的过程，才能抵达用户面前？
一位新人，要经历怎样的成长，才能站在技术之巅？
探寻这里的秘密；
体验这里的挑战；
成为这里的主人；
加入百度，加入网页搜索，你，可以影响世界。
," source: https://ss1.bdstatic.com/5eN1bjq8AAUYm2zgoY3K/r/www/cache/static/protocol/https/global/js/all_async_search_rcmd_fc178127.js(101)
[0808/172041:INFO:CONSOLE(0)] "请将简历发送至 %c ps_recruiter@baidu.com（ 邮件标题请以“姓名-应聘XX职位-来自console”命名）," source: https://ss1.bdstatic.com/5eN1bjq8AAUYm2zgoY3K/r/www/cache/static/protocol/https/global/js/all_async_search_rcmd_fc178127.js(101)
[0808/172041:INFO:CONSOLE(0)] "职位介绍：http://dwz.cn/hr2013," source: https://ss1.bdstatic.com/5eN1bjq8AAUYm2zgoY3K/r/www/cache/static/protocol/https/global/js/all_async_search_rcmd_fc178127.js(101)
[0808/172208:INFO:CONSOLE(0)] "一张网页，要经历怎样的过程，才能抵达用户面前？
一位新人，要经历怎样的成长，才能站在技术之巅？
探寻这里的秘密；
体验这里的挑战；
成为这里的主人；
加入百度，加入网页搜索，你，可以影响世界。
," source: https://ss1.bdstatic.com/5eN1bjq8AAUYm2zgoY3K/r/www/cache/static/protocol/https/global/js/all_async_search_cc2f4846.js(101)
[0808/172208:INFO:CONSOLE(0)] "请将简历发送至 %c ps_recruiter@baidu.com（ 邮件标题请以“姓名-应聘XX职位-来自console”命名）," source: https://ss1.bdstatic.com/5eN1bjq8AAUYm2zgoY3K/r/www/cache/static/protocol/https/global/js/all_async_search_cc2f4846.js(101)
[0808/172208:INFO:CONSOLE(0)] "职位介绍：http://dwz.cn/hr2013," source: https://ss1.bdstatic.com/5eN1bjq8AAUYm2zgoY3K/r/www/cache/static/protocol/https/global/js/all_async_search_cc2f4846.js(101)
[0808/172259:INFO:CONSOLE(0)] "一张网页，要经历怎样的过程，才能抵达用户面前？
一位新人，要经历怎样的成长，才能站在技术之巅？
探寻这里的秘密；
体验这里的挑战；
成为这里的主人；
加入百度，加入网页搜索，你，可以影响世界。
," source: https://ss1.bdstatic.com/5eN1bjq8AAUYm2zgoY3K/r/www/cache/static/protocol/https/global/js/all_async_search_cc2f4846.js(101)
[0808/172259:INFO:CONSOLE(0)] "请将简历发送至 %c ps_recruiter@baidu.com（ 邮件标题请以“姓名-应聘XX职位-来自console”命名）," source: https://ss1.bdstatic.com/5eN1bjq8AAUYm2zgoY3K/r/www/cache/static/protocol/https/global/js/all_async_search_cc2f4846.js(101)
[0808/172259:INFO:CONSOLE(0)] "职位介绍：http://dwz.cn/hr2013," source: https://ss1.bdstatic.com/5eN1bjq8AAUYm2zgoY3K/r/www/cache/static/protocol/https/global/js/all_async_search_cc2f4846.js(101)
[0808/172508:INFO:CONSOLE(0)] "一张网页，要经历怎样的过程，才能抵达用户面前？
一位新人，要经历怎样的成长，才能站在技术之巅？
探寻这里的秘密；
体验这里的挑战；
成为这里的主人；
加入百度，加入网页搜索，你，可以影响世界。
," source: https://ss1.bdstatic.com/5eN1bjq8AAUYm2zgoY3K/r/www/cache/static/protocol/https/global/js/all_async_search_cc2f4846.js(101)
[0808/172508:INFO:CONSOLE(0)] "请将简历发送至 %c ps_recruiter@baidu.com（ 邮件标题请以“姓名-应聘XX职位-来自console”命名）," source: https://ss1.bdstatic.com/5eN1bjq8AAUYm2zgoY3K/r/www/cache/static/protocol/https/global/js/all_async_search_cc2f4846.js(101)
[0808/172508:INFO:CONSOLE(0)] "职位介绍：http://dwz.cn/hr2013," source: https://ss1.bdstatic.com/5eN1bjq8AAUYm2zgoY3K/r/www/cache/static/protocol/https/global/js/all_async_search_cc2f4846.js(101)
[0808/172600:INFO:CONSOLE(0)] "一张网页，要经历怎样的过程，才能抵达用户面前？
一位新人，要经历怎样的成长，才能站在技术之巅？
探寻这里的秘密；
体验这里的挑战；
成为这里的主人；
加入百度，加入网页搜索，你，可以影响世界。
," source: https://ss1.bdstatic.com/5eN1bjq8AAUYm2zgoY3K/r/www/cache/static/protocol/https/global/js/all_async_search_cc2f4846.js(101)
[0808/172600:INFO:CONSOLE(0)] "请将简历发送至 %c ps_recruiter@baidu.com（ 邮件标题请以“姓名-应聘XX职位-来自console”命名）," source: https://ss1.bdstatic.com/5eN1bjq8AAUYm2zgoY3K/r/www/cache/static/protocol/https/global/js/all_async_search_cc2f4846.js(101)
[0808/172600:INFO:CONSOLE(0)] "职位介绍：http://dwz.cn/hr2013," source: https://ss1.bdstatic.com/5eN1bjq8AAUYm2zgoY3K/r/www/cache/static/protocol/https/global/js/all_async_search_cc2f4846.js(101)
[0808/172638:WARNING:http_cache_transaction.cc(921)] Unable to create cache entry
[0808/172840:INFO:CONSOLE(0)] "一张网页，要经历怎样的过程，才能抵达用户面前？
一位新人，要经历怎样的成长，才能站在技术之巅？
探寻这里的秘密；
体验这里的挑战；
成为这里的主人；
加入百度，加入网页搜索，你，可以影响世界。
," source: https://ss1.bdstatic.com/5eN1bjq8AAUYm2zgoY3K/r/www/cache/static/protocol/https/global/js/all_async_search_rcmd_fc178127.js(101)
[0808/172840:INFO:CONSOLE(0)] "请将简历发送至 %c ps_recruiter@baidu.com（ 邮件标题请以“姓名-应聘XX职位-来自console”命名）," source: https://ss1.bdstatic.com/5eN1bjq8AAUYm2zgoY3K/r/www/cache/static/protocol/https/global/js/all_async_search_rcmd_fc178127.js(101)
[0808/172840:INFO:CONSOLE(0)] "职位介绍：http://dwz.cn/hr2013," source: https://ss1.bdstatic.com/5eN1bjq8AAUYm2zgoY3K/r/www/cache/static/protocol/https/global/js/all_async_search_rcmd_fc178127.js(101)
[0808/172911:WARNING:http_cache_transaction.cc(921)] Unable to create cache entry
[0808/173206:INFO:CONSOLE(0)] "一张网页，要经历怎样的过程，才能抵达用户面前？
一位新人，要经历怎样的成长，才能站在技术之巅？
探寻这里的秘密；
体验这里的挑战；
成为这里的主人；
加入百度，加入网页搜索，你，可以影响世界。
," source: https://ss1.bdstatic.com/5eN1bjq8AAUYm2zgoY3K/r/www/cache/static/protocol/https/global/js/all_async_search_cc2f4846.js(101)
[0808/173206:INFO:CONSOLE(0)] "请将简历发送至 %c ps_recruiter@baidu.com（ 邮件标题请以“姓名-应聘XX职位-来自console”命名）," source: https://ss1.bdstatic.com/5eN1bjq8AAUYm2zgoY3K/r/www/cache/static/protocol/https/global/js/all_async_search_cc2f4846.js(101)
[0808/173206:INFO:CONSOLE(0)] "职位介绍：http://dwz.cn/hr2013," source: https://ss1.bdstatic.com/5eN1bjq8AAUYm2zgoY3K/r/www/cache/static/protocol/https/global/js/all_async_search_cc2f4846.js(101)
[0808/173334:INFO:CONSOLE(0)] "一张网页，要经历怎样的过程，才能抵达用户面前？
一位新人，要经历怎样的成长，才能站在技术之巅？
探寻这里的秘密；
体验这里的挑战；
成为这里的主人；
加入百度，加入网页搜索，你，可以影响世界。
," source: https://ss1.bdstatic.com/5eN1bjq8AAUYm2zgoY3K/r/www/cache/static/protocol/https/global/js/all_async_search_cc2f4846.js(101)
[0808/173334:INFO:CONSOLE(0)] "请将简历发送至 %c ps_recruiter@baidu.com（ 邮件标题请以“姓名-应聘XX职位-来自console”命名）," source: https://ss1.bdstatic.com/5eN1bjq8AAUYm2zgoY3K/r/www/cache/static/protocol/https/global/js/all_async_search_cc2f4846.js(101)
[0808/173334:INFO:CONSOLE(0)] "职位介绍：http://dwz.cn/hr2013," source: https://ss1.bdstatic.com/5eN1bjq8AAUYm2zgoY3K/r/www/cache/static/protocol/https/global/js/all_async_search_cc2f4846.js(101)
[0808/173408:WARNING:http_cache_transaction.cc(921)] Unable to create cache entry
[0808/173613:INFO:CONSOLE(0)] "一张网页，要经历怎样的过程，才能抵达用户面前？
一位新人，要经历怎样的成长，才能站在技术之巅？
探寻这里的秘密；
体验这里的挑战；
成为这里的主人；
加入百度，加入网页搜索，你，可以影响世界。
," source: https://ss1.bdstatic.com/5eN1bjq8AAUYm2zgoY3K/r/www/cache/static/protocol/https/global/js/all_async_search_cc2f4846.js(101)
[0808/173613:INFO:CONSOLE(0)] "请将简历发送至 %c ps_recruiter@baidu.com（ 邮件标题请以“姓名-应聘XX职位-来自console”命名）," source: https://ss1.bdstatic.com/5eN1bjq8AAUYm2zgoY3K/r/www/cache/static/protocol/https/global/js/all_async_search_cc2f4846.js(101)
[0808/173613:INFO:CONSOLE(0)] "职位介绍：http://dwz.cn/hr2013," source: https://ss1.bdstatic.com/5eN1bjq8AAUYm2zgoY3K/r/www/cache/static/protocol/https/global/js/all_async_search_cc2f4846.js(101)
[0808/173650:WARNING:http_cache_transaction.cc(921)] Unable to create cache entry
[0808/173652:WARNING:http_cache_transaction.cc(921)] Unable to create cache entry
[0808/174810:WARNING:http_cache_transaction.cc(921)] Unable to create cache entry
[0808/175246:WARNING:http_cache_transaction.cc(921)] Unable to create cache entry
[0808/175510:WARNING:http_cache_transaction.cc(921)] Unable to create cache entry
[0808/175758:WARNING:http_cache_transaction.cc(921)] Unable to create cache entry
[0808/180022:WARNING:http_cache_transaction.cc(921)] Unable to create cache entry
[0808/181114:WARNING:http_cache_transaction.cc(921)] Unable to create cache entry
[0808/193125:WARNING:http_cache_transaction.cc(921)] Unable to create cache entry
[0808/193126:WARNING:http_cache_transaction.cc(921)] Unable to create cache entry
[0808/193232:WARNING:http_cache_transaction.cc(921)] Unable to create cache entry
[0809/152236:WARNING:http_cache_transaction.cc(921)] Unable to create cache entry
[0809/152300:WARNING:http_cache_transaction.cc(921)] Unable to create cache entry
[0810/114430:WARNING:http_cache_transaction.cc(921)] Unable to create cache entry
[0810/145712:WARNING:http_cache_transaction.cc(921)] Unable to create cache entry
[0810/145843:WARNING:http_cache_transaction.cc(921)] Unable to create cache entry
[0810/192619:WARNING:http_cache_transaction.cc(921)] Unable to create cache entry
[0810/192824:WARNING:http_cache_transaction.cc(921)] Unable to create cache entry
[0811/125649:WARNING:http_cache_transaction.cc(921)] Unable to create cache entry
[0811/125651:WARNING:http_cache_transaction.cc(921)] Unable to create cache entry
[0811/232524:WARNING:http_cache_transaction.cc(921)] Unable to create cache entry
[0811/232525:FATAL:plugin_stream.cc(271)] Check failed: err == NPERR_NO_ERROR. 
Backtrace:
	cef_shutdown [0x01D1C5B1+687203]
	cef_shutdown [0x01D08BCF+606849]
	cef_time_from_doublet [0x039A1D6C+28825900]
	cef_time_from_doublet [0x039A06BD+28820093]
	cef_time_from_doublet [0x039A0BEE+28821422]
	cef_time_from_doublet [0x0394B5EC+28471724]
	cef_time_from_doublet [0x036B51D1+25759121]
	cef_time_from_doublet [0x02AAEBD8+13150104]
	cef_time_from_doublet [0x02AAEA92+13149778]
	cef_time_from_doublet [0x0250F8AE+7255150]
	cef_time_from_doublet [0x0250F982+7255362]
	cef_time_from_doublet [0x027CAFDA+10120090]
	cef_time_from_doublet [0x028FD93D+11375869]
	cef_time_from_doublet [0x02900317+11386583]
	cef_time_from_doublet [0x04096400+36118464]
	cef_time_from_doublet [0x03943888+28439624]
	cef_string_multimap_free [0x01E1C4A5+257029]
	cef_string_multimap_free [0x01E22EB8+284184]
	cef_string_multimap_free [0x01E22B61+283329]
	cef_string_multimap_free [0x01E227BC+282396]
	cef_shutdown [0x01D3925F+805137]
	cef_shutdown [0x01D6C43F+1014513]
	cef_shutdown [0x01D6C633+1015013]
	cef_shutdown [0x01D6D01D+1017551]
	cef_shutdown [0x01D78CA4+1065814]
	cef_shutdown [0x01D78292+1063236]
	cef_shutdown [0x01D7850C+1063870]
	cef_shutdown [0x01D6C0A6+1013592]
	cef_shutdown [0x01D6BE7B+1013037]
	cef_shutdown [0x01D6B65A+1010956]
	cef_time_from_doublet [0x02EA9BD6+17323926]
	cef_time_from_doublet [0x02EA9D48+17324296]
	cef_shutdown [0x01D1E650+695554]
	BaseThreadInitThunk [0x754A3677+18]
	RtlInitializeExceptionChain [0x77889F42+99]
	RtlInitializeExceptionChain [0x77889F15+54]

[0811/232716:WARNING:http_cache_transaction.cc(921)] Unable to create cache entry
[0811/232718:WARNING:http_cache_transaction.cc(921)] Unable to create cache entry
[0811/233233:WARNING:http_cache_transaction.cc(921)] Unable to create cache entry
[0811/233426:WARNING:http_cache_transaction.cc(921)] Unable to create cache entry
[0811/233437:FATAL:plugin_stream.cc(271)] Check failed: err == NPERR_NO_ERROR. 
Backtrace:
	cef_shutdown [0x01D1C5B1+687203]
	cef_shutdown [0x01D08BCF+606849]
	cef_time_from_doublet [0x039A1D6C+28825900]
	cef_time_from_doublet [0x039A06BD+28820093]
	cef_time_from_doublet [0x039A0BEE+28821422]
	cef_time_from_doublet [0x0394B5EC+28471724]
	cef_time_from_doublet [0x036B51D1+25759121]
	cef_time_from_doublet [0x02AAEBD8+13150104]
	cef_time_from_doublet [0x02AAEA92+13149778]
	cef_time_from_doublet [0x0250F8AE+7255150]
	cef_time_from_doublet [0x0250F982+7255362]
	cef_time_from_doublet [0x027CAFDA+10120090]
	cef_time_from_doublet [0x028FD93D+11375869]
	cef_time_from_doublet [0x02900317+11386583]
	cef_time_from_doublet [0x04096400+36118464]
	cef_time_from_doublet [0x03943888+28439624]
	cef_string_multimap_free [0x01E1C4A5+257029]
	cef_string_multimap_free [0x01E22EB8+284184]
	cef_string_multimap_free [0x01E22B61+283329]
	cef_string_multimap_free [0x01E227BC+282396]
	cef_shutdown [0x01D3925F+805137]
	cef_shutdown [0x01D6C43F+1014513]
	cef_shutdown [0x01D6C633+1015013]
	cef_shutdown [0x01D6D01D+1017551]
	cef_shutdown [0x01D78CA4+1065814]
	cef_shutdown [0x01D78292+1063236]
	cef_shutdown [0x01D7850C+1063870]
	cef_shutdown [0x01D6C0A6+1013592]
	cef_shutdown [0x01D6BE7B+1013037]
	cef_shutdown [0x01D6B65A+1010956]
	cef_time_from_doublet [0x02EA9BD6+17323926]
	cef_time_from_doublet [0x02EA9D48+17324296]
	cef_shutdown [0x01D1E650+695554]
	BaseThreadInitThunk [0x754A3677+18]
	RtlInitializeExceptionChain [0x77889F42+99]
	RtlInitializeExceptionChain [0x77889F15+54]

[0811/233842:WARNING:http_cache_transaction.cc(921)] Unable to create cache entry
[0812/103108:WARNING:http_cache_transaction.cc(921)] Unable to create cache entry
[0812/103312:WARNING:http_cache_transaction.cc(921)] Unable to create cache entry
[0812/103419:WARNING:http_cache_transaction.cc(921)] Unable to create cache entry
[0812/194953:FATAL:browser_impl_win.cc(179)] Check failed: window_info_.m_hWnd != NULL. 
Backtrace:
	cef_shutdown [0x0193C5B1+687203]
	cef_shutdown [0x01928BCF+606849]
	cef_time_from_doublet [0x01A596E9+86697]
	cef_string_multimap_free [0x01A0DCA0+66560]
	cef_string_multimap_free [0x01A0D364+64196]
	cef_string_multimap_free [0x01A23EB7+157207]
	cef_string_multimap_free [0x01A23898+155640]
	cef_string_multimap_free [0x01A226A5+151045]
	cef_shutdown [0x0195925F+805137]
	cef_shutdown [0x0198C43F+1014513]
	cef_shutdown [0x0198C633+1015013]
	cef_shutdown [0x0198D01D+1017551]
	cef_shutdown [0x01998CA4+1065814]
	cef_shutdown [0x01998292+1063236]
	cef_shutdown [0x0199850C+1063870]
	cef_shutdown [0x0198C0A6+1013592]
	cef_shutdown [0x0198BE7B+1013037]
	cef_shutdown [0x0198B65A+1010956]
	cef_time_from_doublet [0x02AC9BD6+17323926]
	cef_time_from_doublet [0x02AC9D48+17324296]
	cef_shutdown [0x0193E650+695554]
	BaseThreadInitThunk [0x76F93677+18]
	RtlInitializeExceptionChain [0x776F9F42+99]
	RtlInitializeExceptionChain [0x776F9F15+54]

[0812/195129:FATAL:browser_impl_win.cc(179)] Check failed: window_info_.m_hWnd != NULL. 
Backtrace:
	cef_shutdown [0x0193C5B1+687203]
	cef_shutdown [0x01928BCF+606849]
	cef_time_from_doublet [0x01A596E9+86697]
	cef_string_multimap_free [0x01A0DCA0+66560]
	cef_string_multimap_free [0x01A0D364+64196]
	cef_string_multimap_free [0x01A23EB7+157207]
	cef_string_multimap_free [0x01A23898+155640]
	cef_string_multimap_free [0x01A226A5+151045]
	cef_shutdown [0x0195925F+805137]
	cef_shutdown [0x0198C43F+1014513]
	cef_shutdown [0x0198C633+1015013]
	cef_shutdown [0x0198D01D+1017551]
	cef_shutdown [0x01998CA4+1065814]
	cef_shutdown [0x01998292+1063236]
	cef_shutdown [0x0199850C+1063870]
	cef_shutdown [0x0198C0A6+1013592]
	cef_shutdown [0x0198BE7B+1013037]
	cef_shutdown [0x0198B65A+1010956]
	cef_time_from_doublet [0x02AC9BD6+17323926]
	cef_time_from_doublet [0x02AC9D48+17324296]
	cef_shutdown [0x0193E650+695554]
	BaseThreadInitThunk [0x76F93677+18]
	RtlInitializeExceptionChain [0x776F9F42+99]
	RtlInitializeExceptionChain [0x776F9F15+54]

